2026-03-25 01:00:18,217 [INFO] FX Bot 起動
2026-03-25 01:00:19,531 [INFO] ━━━ サイクル開始 ━━━
2026-03-25 01:00:20,515 [ERROR] エラー: Alpha Vantage APIエラー: Thank you for using Alpha Vantage! This is a premium endpoint. You may subscribe to any of the premium plans at https://www.alphavantage.co/premium/ to instantly unlock all premium endpoints
Traceback (most recent call last):
  File "C:\Users\hirob\OneDrive\Desktop\Cloud codeテスト用\fx-bot\main.py", line 45, in run_cycle
    df = get_forex_data()
  File "C:\Users\hirob\OneDrive\Desktop\Cloud codeテスト用\fx-bot\market_data.py", line 25, in get_forex_data
    raise ValueError(f"Alpha Vantage APIエラー: {error_msg}")
ValueError: Alpha Vantage APIエラー: Thank you for using Alpha Vantage! This is a premium endpoint. You may subscribe to any of the premium plans at https://www.alphavantage.co/premium/ to instantly unlock all premium endpoints
2026-03-25 01:01:21,706 [INFO] ━━━ サイクル開始 ━━━
2026-03-25 01:01:23,223 [ERROR] エラー: Alpha Vantage APIエラー: Thank you for using Alpha Vantage! This is a premium endpoint. You may subscribe to any of the premium plans at https://www.alphavantage.co/premium/ to instantly unlock all premium endpoints
Traceback (most recent call last):
  File "C:\Users\hirob\OneDrive\Desktop\Cloud codeテスト用\fx-bot\main.py", line 45, in run_cycle
    df = get_forex_data()
  File "C:\Users\hirob\OneDrive\Desktop\Cloud codeテスト用\fx-bot\market_data.py", line 25, in get_forex_data
    raise ValueError(f"Alpha Vantage APIエラー: {error_msg}")
ValueError: Alpha Vantage APIエラー: Thank you for using Alpha Vantage! This is a premium endpoint. You may subscribe to any of the premium plans at https://www.alphavantage.co/premium/ to instantly unlock all premium endpoints
2026-03-25 01:01:53,876 [INFO] FX Bot 起動
2026-03-25 01:01:55,093 [INFO] ━━━ サイクル開始 ━━━
2026-03-25 01:01:58,217 [INFO] 価格=158.793 | RSI=51.7 | MA20=158.786 | MA50=158.794 | signal=0
2026-03-25 01:01:58,218 [INFO] シグナルなし。様子見。
2026-03-25 03:26:31,830 [INFO] ━━━ サイクル開始 ━━━
2026-03-25 03:26:31,832 [INFO] ━━━ サイクル開始 ━━━
2026-03-25 03:26:32,959 [INFO] 価格=159.011 | RSI=60.3 | MA20=158.824 | MA50=158.778 | signal=0
2026-03-25 03:26:32,960 [INFO] シグナルなし。様子見。
2026-03-25 03:26:34,908 [ERROR] エラー: Alpha Vantage APIエラー: Thank you for using Alpha Vantage! This is a premium endpoint. You may subscribe to any of the premium plans at https://www.alphavantage.co/premium/ to instantly unlock all premium endpoints
Traceback (most recent call last):
  File "C:\Users\hirob\OneDrive\Desktop\Cloud codeテスト用\fx-bot\main.py", line 45, in run_cycle
    df = get_forex_data()
  File "C:\Users\hirob\OneDrive\Desktop\Cloud codeテスト用\fx-bot\market_data.py", line 25, in get_forex_data
ValueError: Alpha Vantage APIエラー: Thank you for using Alpha Vantage! This is a premium endpoint. You may subscribe to any of the premium plans at https://www.alphavantage.co/premium/ to instantly unlock all premium endpoints
2026-03-25 09:23:34,967 [INFO] ━━━ サイクル開始 ━━━
2026-03-25 09:23:36,075 [INFO] 価格=159.008 | RSI=56.5 | MA20=158.854 | MA50=158.704 | signal=0
2026-03-25 09:23:36,087 [INFO] シグナルなし。様子見。
2026-03-25 09:23:54,115 [WARNING] Slack通知失敗: HTTPSConnectionPool(host='hooks.slack.com', port=443): Max retries exceeded with url: /services/T0ANARSMPD0/B0ANT0MT3N0/6edAicTjianM0LU1jGgQeyby (Caused by SSLError(SSLEOFError(8, '[SSL: UNEXPECTED_EOF_WHILE_READING] EOF occurred in violation of protocol (_ssl.c:1081)')))
